<?xml version="1.0" encoding="UTF-8"?>
<!-- Generated by org.testng.reporters.JUnitReportReporter -->
<testsuite skipped="0" hostname="Clinical-PC" name="Value_Test" tests="1" failures="0" timestamp="01 Sep 2020 01:49:48 GMT" time="6.943" errors="0">
  <testcase name="launch" time="6.943" classname="Value_Test"/>
</testsuite> <!-- Value_Test -->
